<?xml version="1.0" encoding="UTF-8"?>
<!-- Generated by org.testng.reporters.JUnitReportReporter -->
<testsuite hostname="INLEN8520052045" failures="0" tests="1" name="pagefactorylogin.SignupTest" time="9.040" errors="0" timestamp="2022-06-10T16:46:05 IST" skipped="0">
  <testcase classname="pagefactorylogin.SignupTest" name="SignupTest" time="9.040"/>
  <system-out/>
</testsuite> <!-- pagefactorylogin.SignupTest -->
