<?xml version="1.0" encoding="UTF-8"?>
<!-- Generated by org.testng.reporters.JUnitReportReporter -->
<testsuite hostname="INLEN8520052045" failures="0" tests="1" name="pagefactorylogin.loginrunner" time="14.096" errors="0" timestamp="2022-06-10T16:45:22 IST" skipped="0">
  <testcase classname="pagefactorylogin.loginrunner" name="login" time="14.096"/>
  <system-out/>
</testsuite> <!-- pagefactorylogin.loginrunner -->
