<?xml version="1.0" encoding="UTF-8"?>
<!-- Generated by org.testng.reporters.JUnitReportReporter -->
<testsuite hostname="INLEN8520052045" failures="0" tests="1" name="BookStore.PUT" time="2.604" errors="0" timestamp="2022-06-02T16:12:47 IST" skipped="0">
  <testcase classname="BookStore.PUT" name="CreateBookList" time="2.604"/>
  <system-out/>
</testsuite> <!-- BookStore.PUT -->
