<?xml version="1.0" encoding="UTF-8"?>
<!-- Generated by org.testng.reporters.JUnitReportReporter -->
<testsuite hostname="INLEN8520052045" failures="0" tests="1" name="BookStore.AddNewUser" time="2.056" errors="0" timestamp="2022-06-05T23:05:25 IST" skipped="0">
  <testcase classname="BookStore.AddNewUser" name="f" time="2.056"/>
  <system-out/>
</testsuite> <!-- BookStore.AddNewUser -->
