<?xml version="1.0" encoding="UTF-8"?>
<!-- Generated by org.testng.reporters.JUnitReportReporter -->
<testsuite hostname="INLEN8520052045" failures="0" tests="1" name="BookStore.GET" time="2.963" errors="0" timestamp="2022-06-02T16:09:33 IST" skipped="0">
  <testcase classname="BookStore.GET" name="GetPET" time="2.963"/>
  <system-out/>
</testsuite> <!-- BookStore.GET -->
