<?xml version="1.0" encoding="UTF-8"?>
<!-- Generated by org.testng.reporters.JUnitReportReporter -->
<testsuite hostname="INLEN8520052045" failures="0" tests="1" name="BookStore.POST" time="3.400" errors="0" timestamp="2022-06-02T16:17:41 IST" skipped="0">
  <testcase classname="BookStore.POST" name="POST" time="3.400"/>
  <system-out/>
</testsuite> <!-- BookStore.POST -->
