<?xml version="1.0" encoding="UTF-8"?>
<!-- Generated by org.testng.reporters.JUnitReportReporter -->
<testsuite hostname="INLEN8520052045" failures="0" tests="1" name="BookStore.DELETE" time="2.291" errors="0" timestamp="2022-06-03T00:49:34 IST" skipped="0">
  <testcase classname="BookStore.DELETE" name="DELETE" time="2.291"/>
  <system-out/>
</testsuite> <!-- BookStore.DELETE -->
